\BOOKMARK [1][-]{section*.1}{Introduction}{}% 1
\BOOKMARK [1][-]{section*.2}{Structure layout}{}% 2
\BOOKMARK [1][-]{section.1}{At the origin of kilonovae}{}% 3
\BOOKMARK [2][-]{subsection.1.1}{Merger of two neutron stars}{section.1}% 4
\BOOKMARK [2][-]{subsection.1.2}{Different mechanisms of ejection}{section.1}% 5
\BOOKMARK [2][-]{subsection.1.3}{Nucleosynthesis of heavy elements}{section.1}% 6
\BOOKMARK [2][-]{subsection.1.4}{Different sources of opacity}{section.1}% 7
\BOOKMARK [2][-]{subsection.1.5}{Prediction of light curves with radiative transfer codes}{section.1}% 8
\BOOKMARK [1][-]{section.2}{Improving the temperature estimation in kilonova ejecta}{}% 9
\BOOKMARK [2][-]{subsection.2.1}{Temperature as a key parameter in kilonova modelling}{section.2}% 10
\BOOKMARK [2][-]{subsection.2.2}{Temperature estimated from black-body model: a global approach}{section.2}% 11
\BOOKMARK [2][-]{subsection.2.3}{Temperature derived from the energy input: a local approach}{section.2}% 12
\BOOKMARK [1][-]{section.3}{Improving the bound-bound opacity treatment}{}% 13
\BOOKMARK [2][-]{subsection.3.1}{Setting up the ejecta parameters}{section.3}% 14
\BOOKMARK [2][-]{subsection.3.2}{A parametrized model for opacity}{section.3}% 15
\BOOKMARK [2][-]{subsection.3.3}{Models comparison and parameters estimation }{section.3}% 16
\BOOKMARK [1][-]{section*.23}{Conclusion and perspectives}{}% 17
\BOOKMARK [1][-]{section*.24}{ Acknowledgements}{}% 18
\BOOKMARK [1][-]{appendix.A}{Possis outlines}{}% 19
\BOOKMARK [1][-]{appendix.B}{Methodology for best fit parameters research}{}% 20
\BOOKMARK [1][-]{appendix.C}{Opacities atomic data}{}% 21
